BOOST
*Pages:
-Inicio
	-Productos populares
	-productos recientes
	-Rese침as
	-Subscribe form
-Tienda
	-Accesorios
	-Celulares
	-Laptops
	-Tablets
	-Wearables
	-Pasarela de pago con Stripe
-Novedades

Functions
--Reconocimiento de velocidad de internet para muestra del sitio
--Carga scroll de im치genes
-INIT Loader
-excepcionar similar mismo productId

-English Version

-You could add a validation check to ensure that the user enters a valid email address.

X A침adir condicional si el tipo de respuesta es domiciliaria

      <div className="searchForm">
        <input
          type="text"
          placeholder='Buscar accesorios'
          className="searchInput"
        />
      </div>


            {formData.provincia && (
              <select id="distrito" name="distrito" value={formData.distrito} onChange={handleInputChange}>
                <option value="">Selecciona un distrito</option>
                {/* L칩gica para mostrar los distritos de la provincia seleccionada */}
                {distritosPorProvincia[formData.provincia].map((distrito, index) => (
                  <option key={index} value={distrito}>
                    {distrito}
                  </option>
                ))}
              </select>
            )}